d:\programming_portfolio\sdl_platformer\platformer\platformer\debug\vc142.pdb
d:\programming_portfolio\sdl_platformer\platformer\platformer\debug\vc142.idb
d:\programming_portfolio\sdl_platformer\platformer\platformer\debug\vector2.obj
d:\programming_portfolio\sdl_platformer\platformer\platformer\debug\tree.obj
d:\programming_portfolio\sdl_platformer\platformer\platformer\debug\mushroom.obj
d:\programming_portfolio\sdl_platformer\platformer\platformer\debug\monster.obj
d:\programming_portfolio\sdl_platformer\platformer\platformer\debug\main.obj
d:\programming_portfolio\sdl_platformer\platformer\platformer\debug\input.obj
d:\programming_portfolio\sdl_platformer\platformer\platformer\debug\hero.obj
d:\programming_portfolio\sdl_platformer\platformer\platformer\debug\goldbars.obj
d:\programming_portfolio\sdl_platformer\platformer\platformer\debug\gameobject.obj
d:\programming_portfolio\sdl_platformer\platformer\platformer\debug\game.obj
d:\programming_portfolio\sdl_platformer\platformer\platformer\debug\fire.obj
d:\programming_portfolio\sdl_platformer\platformer\platformer\debug\creature.obj
d:\programming_portfolio\sdl_platformer\platformer\platformer\debug\collider.obj
d:\programming_portfolio\sdl_platformer\platformer\platformer\debug\circlecollider.obj
d:\programming_portfolio\sdl_platformer\platformer\platformer\debug\boxcollider.obj
d:\programming_portfolio\sdl_platformer\platformer\platformer\debug\bitmap.obj
d:\programming_portfolio\sdl_platformer\platformer\platformer\debug\level.obj
d:\programming_portfolio\sdl_platformer\platformer\platformer\debug\cansee.obj
d:\programming_portfolio\sdl_platformer\platformer\debug\platformer.ilk
d:\programming_portfolio\sdl_platformer\platformer\debug\platformer.exe
d:\programming_portfolio\sdl_platformer\platformer\debug\platformer.pdb
d:\programming_portfolio\sdl_platformer\platformer\platformer\debug\platformer.tlog\cl.command.1.tlog
d:\programming_portfolio\sdl_platformer\platformer\platformer\debug\platformer.tlog\cl.read.1.tlog
d:\programming_portfolio\sdl_platformer\platformer\platformer\debug\platformer.tlog\cl.write.1.tlog
d:\programming_portfolio\sdl_platformer\platformer\platformer\debug\platformer.tlog\link.command.1.tlog
d:\programming_portfolio\sdl_platformer\platformer\platformer\debug\platformer.tlog\link.read.1.tlog
d:\programming_portfolio\sdl_platformer\platformer\platformer\debug\platformer.tlog\link.write.1.tlog
